Change Component Designator: Old Designator=A New Designator=A1
Change Component Designator: Old Designator=A New Designator=A2
Change Component Designator: Old Designator=A New Designator=A3
Change Component Designator: Old Designator=A New Designator=A4
Change Component Designator: Old Designator=A New Designator=A5
Change Component Designator: Old Designator=A New Designator=A6
Change Component Designator: Old Designator=A New Designator=A7
Change Component Designator: Old Designator=A New Designator=A8
Change Component Designator: Old Designator=A New Designator=A9
Change Component Designator: Old Designator=A New Designator=A10
Change Component Designator: Old Designator=B New Designator=B1
Change Component Designator: Old Designator=B New Designator=B2
Change Component Designator: Old Designator=B New Designator=B3
Change Component Designator: Old Designator=B New Designator=B4
Change Component Designator: Old Designator=B New Designator=B5
Change Component Designator: Old Designator=B New Designator=B6
Change Component Designator: Old Designator=B New Designator=B7
Change Component Designator: Old Designator=B New Designator=B8
Change Component Designator: Old Designator=B New Designator=B9
Change Component Designator: Old Designator=B New Designator=B10
Change Component Designator: Old Designator=C New Designator=C1
Change Component Designator: Old Designator=C New Designator=C2
Change Component Designator: Old Designator=C New Designator=C3
Change Component Designator: Old Designator=C New Designator=C4
Change Component Designator: Old Designator=C New Designator=C5
Change Component Designator: Old Designator=C New Designator=C6
Change Component Designator: Old Designator=C New Designator=C7
Change Component Designator: Old Designator=C New Designator=C8
Change Component Designator: Old Designator=C New Designator=C9
Change Component Designator: Old Designator=C New Designator=C10
Change Component Designator: Old Designator=D New Designator=D1
Change Component Designator: Old Designator=D New Designator=D2
Change Component Designator: Old Designator=D New Designator=D3
Change Component Designator: Old Designator=D New Designator=D4
Change Component Designator: Old Designator=D New Designator=D5
Change Component Designator: Old Designator=D New Designator=D6
Change Component Designator: Old Designator=D New Designator=D7
Change Component Designator: Old Designator=D New Designator=D8
Change Component Designator: Old Designator=D New Designator=D9
Change Component Designator: Old Designator=D New Designator=D10
Change Component Designator: Old Designator=E New Designator=E1
Change Component Designator: Old Designator=E New Designator=E2
Change Component Designator: Old Designator=E New Designator=E3
Change Component Designator: Old Designator=E New Designator=E4
Change Component Designator: Old Designator=E New Designator=E5
Change Component Designator: Old Designator=E New Designator=E6
Change Component Designator: Old Designator=E New Designator=E7
Change Component Designator: Old Designator=E New Designator=E8
Change Component Designator: Old Designator=E New Designator=E9
Change Component Designator: Old Designator=E New Designator=E10
Change Component Designator: Old Designator=F New Designator=F1
Change Component Designator: Old Designator=F New Designator=F2
Change Component Designator: Old Designator=F New Designator=F3
Change Component Designator: Old Designator=F New Designator=F4
Change Component Designator: Old Designator=F New Designator=F5
Change Component Designator: Old Designator=F New Designator=F6
Change Component Designator: Old Designator=F New Designator=F7
Change Component Designator: Old Designator=F New Designator=F8
Change Component Designator: Old Designator=F New Designator=F9
Change Component Designator: Old Designator=F New Designator=F10
Change Component Designator: Old Designator=G New Designator=G1
Change Component Designator: Old Designator=G New Designator=G2
Change Component Designator: Old Designator=G New Designator=G3
Change Component Designator: Old Designator=G New Designator=G4
Change Component Designator: Old Designator=G New Designator=G5
Change Component Designator: Old Designator=G New Designator=G6
Change Component Designator: Old Designator=G New Designator=G7
Change Component Designator: Old Designator=G New Designator=G8
Change Component Designator: Old Designator=G New Designator=G9
Change Component Designator: Old Designator=G New Designator=G10
Change Component Designator: Old Designator=H New Designator=H1
Change Component Designator: Old Designator=H New Designator=H2
Change Component Designator: Old Designator=H New Designator=H3
Change Component Designator: Old Designator=H New Designator=H4
Change Component Designator: Old Designator=H New Designator=H5
Change Component Designator: Old Designator=H New Designator=H6
Change Component Designator: Old Designator=H New Designator=H7
Change Component Designator: Old Designator=H New Designator=H8
Change Component Designator: Old Designator=H New Designator=H9
Change Component Designator: Old Designator=H New Designator=H10
